<?xml version="1.0" encoding="UTF-8"?>
<!-- Generated by org.testng.reporters.JUnitReportReporter -->
<testsuite skipped="0" hostname="LAPTOP-IDS1Q9T7" name="GetDataTest" tests="2" failures="0" timestamp="01 Nov 2018 02:23:25 GMT" time="2.626" errors="0">
  <testcase name="getResponseCode" time="1.821" classname="GetDataTest"/>
  <testcase name="testBody" time="0.805" classname="GetDataTest"/>
</testsuite> <!-- GetDataTest -->
