<?xml version="1.0" encoding="UTF-8"?>
<!-- Generated by org.testng.reporters.JUnitReportReporter -->
<testsuite skipped="0" hostname="LAPTOP-IDS1Q9T7" name="restAssured.GetData" tests="2" failures="0" timestamp="01 Nov 2018 17:56:24 GMT" time="2.371" errors="0">
  <testcase name="testBody" time="0.453" classname="restAssured.GetData"/>
  <testcase name="getResponseCode" time="1.918" classname="restAssured.GetData"/>
</testsuite> <!-- restAssured.GetData -->
